<?xml version="1.0" encoding="UTF-8" ?>
<testsuite failures="0" time="0.003" errors="1" skipped="2" tests="3" name="it.tmp.mexican.mydozerdemo.CreateCustomerDTOToCDMTest">
  <properties>
[...]
</properties>
  <testcase time="0.002" classname="it.tmp.mexican.mydozerdemo.CreateCustomerDTOToCDMTest" name="dtoToMap_withValidCreateCustomerDTO">
    <error message="Unable to locate dozer mapping file [dozer-mapping.xml] in the classpath!" type="org.dozer.MappingException">org.dozer.MappingException: Unable to locate dozer mapping file [dozer-mapping.xml] in the classpath!
	at org.dozer.util.MappingUtils.throwMappingException(MappingUtils.java:87)
	at org.dozer.util.MappingValidator.validateURL(MappingValidator.java:63)
	at org.dozer.DozerBeanMapper.loadFromFiles(DozerBeanMapper.java:225)
	at org.dozer.DozerBeanMapper.loadCustomMappings(DozerBeanMapper.java:209)
	at org.dozer.DozerBeanMapper.initMappings(DozerBeanMapper.java:315)
	at org.dozer.DozerBeanMapper.getMappingProcessor(DozerBeanMapper.java:192)
	at org.dozer.DozerBeanMapper.map(DozerBeanMapper.java:120)
	at it.tmp.mexican.mydozerdemo.dto.DozerUtil.mapper(DozerUtil.java:39)
	at it.tmp.mexican.mydozerdemo.CreateCustomerDTOToCDMTest.dtoToMap_withValidCreateCustomerDTO(CreateCustomerDTOToCDMTest.java:60)
	at sun.reflect.NativeMethodAccessorImpl.invoke0(Native Method)
	at sun.reflect.NativeMethodAccessorImpl.invoke(NativeMethodAccessorImpl.java:57)
	at sun.reflect.DelegatingMethodAccessorImpl.invoke(DelegatingMethodAccessorImpl.java:43)
	at java.lang.reflect.Method.invoke(Method.java:606)
	at org.junit.runners.model.FrameworkMethod$1.runReflectiveCall(FrameworkMethod.java:44)
	at org.junit.internal.runners.model.ReflectiveCallable.run(ReflectiveCallable.java:15)
	at org.junit.runners.model.FrameworkMethod.invokeExplosively(FrameworkMethod.java:41)
	at org.junit.internal.runners.statements.InvokeMethod.evaluate(InvokeMethod.java:20)
	at org.junit.runners.BlockJUnit4ClassRunner.runChild(BlockJUnit4ClassRunner.java:76)
	at org.junit.runners.BlockJUnit4ClassRunner.runChild(BlockJUnit4ClassRunner.java:50)
	at org.junit.runners.ParentRunner$3.run(ParentRunner.java:193)
	at org.junit.runners.ParentRunner$1.schedule(ParentRunner.java:52)
	at org.junit.runners.ParentRunner.runChildren(ParentRunner.java:191)
	at org.junit.runners.ParentRunner.access$000(ParentRunner.java:42)
	at org.junit.runners.ParentRunner$2.evaluate(ParentRunner.java:184)
	at org.junit.runners.ParentRunner.run(ParentRunner.java:236)
	at org.apache.maven.surefire.junit4.JUnit4TestSet.execute(JUnit4TestSet.java:53)
	at org.apache.maven.surefire.junit4.JUnit4Provider.executeTestSet(JUnit4Provider.java:123)
	at org.apache.maven.surefire.junit4.JUnit4Provider.invoke(JUnit4Provider.java:104)
	at sun.reflect.NativeMethodAccessorImpl.invoke0(Native Method)
	at sun.reflect.NativeMethodAccessorImpl.invoke(NativeMethodAccessorImpl.java:57)
	at sun.reflect.DelegatingMethodAccessorImpl.invoke(DelegatingMethodAccessorImpl.java:43)
	at java.lang.reflect.Method.invoke(Method.java:606)
	at org.apache.maven.surefire.util.ReflectionUtils.invokeMethodWithArray(ReflectionUtils.java:164)
	at org.apache.maven.surefire.booter.ProviderFactory$ProviderProxy.invoke(ProviderFactory.java:110)
	at org.apache.maven.surefire.booter.SurefireStarter.invokeProvider(SurefireStarter.java:175)
	at org.apache.maven.surefire.booter.SurefireStarter.runSuitesInProcessWhenForked(SurefireStarter.java:107)
	at org.apache.maven.surefire.booter.ForkedBooter.main(ForkedBooter.java:68)
</error>
    <system-out>15:12:35 | DEBUG | main | org.dozer.DozerInitializer | Tried to perform initialization when Dozer was already started.
15:12:35 | INFO  | main | org.dozer.DozerBeanMapper | Initializing a new instance of dozer bean mapper.
15:12:35 | INFO  | main | org.dozer.DozerBeanMapper | Using the following xml files to load custom mappings for the bean mapper instance: [dozer-mapping.xml]
15:12:35 | INFO  | main | org.dozer.DozerBeanMapper | Trying to find xml mapping file: dozer-mapping.xml
</system-out>
  </testcase>
  <testcase time="0.002" classname="it.tmp.mexican.mydozerdemo.CreateCustomerDTOToCDMTest" name="genericObjectToMap_withValidCustomerAndAddress">
    <skipped/>
  </testcase>
  <testcase time="0.002" classname="it.tmp.mexican.mydozerdemo.CreateCustomerDTOToCDMTest" name="genericObjectToMap_withValidCustomer">
    <skipped/>
  </testcase>
</testsuite>